<?xml version="1.0" encoding="UTF-8"?>
<testsuites name="Mocha Tests" time="9.9650" tests="2" failures="0">
  <testsuite name="Root Suite" timestamp="2022-03-13T21:25:16" tests="0" file="cypress/integration/ui-testsuite/02.UI_support.spec.js" time="0.0000" failures="0">
  </testsuite>
  <testsuite name="02. [UI] Support form" timestamp="2022-03-13T21:25:16" tests="0" time="0.0000" failures="0">
  </testsuite>
  <testsuite name="Populate Support form" timestamp="2022-03-13T21:25:19" tests="2" time="9.9650" failures="0">
    <testcase name="02. [UI] Support form Populate Support form [2a.1] Populate Support form with general question" time="6.6720" classname="[2a.1] Populate Support form with general question">
    </testcase>
    <testcase name="02. [UI] Support form Populate Support form [2a.2] Populate Support form with technical issue" time="3.2930" classname="[2a.2] Populate Support form with technical issue">
    </testcase>
  </testsuite>
</testsuites>